Using pre-set license
Built from '2021.3/staging' branch; Version is '2021.3.2f1 (d6360bedb9a0) revision 14038539'; Using compiler version '192829333'; Build Type 'Release'
OS: 'Windows 7  (6.1.0) 64bit Ultimate' Language: 'ru' Physical Memory: 3990 MB
BatchMode: 1, IsHumanControllingUs: 0, StartBugReporterOnCrash: 0, Is64bit: 1, IsPro: 1

COMMAND LINE ARGUMENTS:
C:\Program Files\Unity\Hub\Editor\2021.3.2f1\Editor\Unity.exe
-adb2
-batchMode
-noUpm
-name
AssetImportWorker0
-projectPath
C:/Users/Darkian/My
-logFile
Logs/AssetImportWorker0.log
-srvPort
1313
Successfully changed project path to: C:/Users/Darkian/My
C:/Users/Darkian/My
[UnityMemory] Configuration Parameters - Can be set up in boot.config
    "memorysetup-bucket-allocator-granularity=16"
    "memorysetup-bucket-allocator-bucket-count=8"
    "memorysetup-bucket-allocator-block-size=33554432"
    "memorysetup-bucket-allocator-block-count=8"
    "memorysetup-main-allocator-block-size=16777216"
    "memorysetup-thread-allocator-block-size=16777216"
    "memorysetup-gfx-main-allocator-block-size=16777216"
    "memorysetup-gfx-thread-allocator-block-size=16777216"
    "memorysetup-cache-allocator-block-size=4194304"
    "memorysetup-typetree-allocator-block-size=2097152"
    "memorysetup-profiler-bucket-allocator-granularity=16"
    "memorysetup-profiler-bucket-allocator-bucket-count=8"
    "memorysetup-profiler-bucket-allocator-block-size=33554432"
    "memorysetup-profiler-bucket-allocator-block-count=8"
    "memorysetup-profiler-allocator-block-size=16777216"
    "memorysetup-profiler-editor-allocator-block-size=1048576"
    "memorysetup-temp-allocator-size-main=16777216"
    "memorysetup-job-temp-allocator-block-size=2097152"
    "memorysetup-job-temp-allocator-block-size-background=1048576"
    "memorysetup-job-temp-allocator-reduction-small-platforms=262144"
    "memorysetup-temp-allocator-size-background-worker=32768"
    "memorysetup-temp-allocator-size-job-worker=262144"
    "memorysetup-temp-allocator-size-preload-manager=33554432"
    "memorysetup-temp-allocator-size-nav-mesh-worker=65536"
    "memorysetup-temp-allocator-size-audio-worker=65536"
    "memorysetup-temp-allocator-size-cloud-worker=32768"
    "memorysetup-temp-allocator-size-gi-baking-worker=262144"
    "memorysetup-temp-allocator-size-gfx=262144"
Refreshing native plugins compatible for Editor in 334.79 ms, found 4 plugins.
Preloading 0 native plugins for Editor in 0.00 ms.
Initialize engine version: 2021.3.2f1 (d6360bedb9a0)
[Subsystems] Discovering subsystems at path C:/Program Files/Unity/Hub/Editor/2021.3.2f1/Editor/Data/Resources/UnitySubsystems
[Subsystems] Discovering subsystems at path C:/Users/Darkian/My/Assets
GfxDevice: creating device client; threaded=0; jobified=0
d3d11: CreateDXGIFactory2(...) not found, fallbacking to CreateDXGIFactory1(...).
d3d11: D3D_FEATURE_LEVEL_11_1 not-recognized (only 11.0 runtime installed?)
d3d11: QueryInterface(IDXGIFactory5) failed (80004002).
Direct3D:
    Version:  Direct3D 11.0 [level 11.0]
    Renderer: NVIDIA GeForce GT 630M (ID=0xde9)
    Vendor:   NVIDIA
    VRAM:     979 MB
    Driver:   10.18.13.5362
Initialize mono
Mono path[0] = 'C:/Program Files/Unity/Hub/Editor/2021.3.2f1/Editor/Data/Managed'
Mono path[1] = 'C:/Program Files/Unity/Hub/Editor/2021.3.2f1/Editor/Data/MonoBleedingEdge/lib/mono/unityjit-win32'
Mono config path = 'C:/Program Files/Unity/Hub/Editor/2021.3.2f1/Editor/Data/MonoBleedingEdge/etc'
Using monoOptions --debugger-agent=transport=dt_socket,embedding=1,server=y,suspend=n,address=127.0.0.1:56052
Begin MonoManager ReloadAssembly
Registering precompiled unity dll's ...
Register platform support module: C:/Program Files/Unity/Hub/Editor/2021.3.2f1/Editor/Data/PlaybackEngines/WebGLSupport/UnityEditor.WebGL.Extensions.dll
Register platform support module: C:/Program Files/Unity/Hub/Editor/2021.3.2f1/Editor/Data/PlaybackEngines/AndroidPlayer/UnityEditor.Android.Extensions.dll
Register platform support module: C:/Program Files/Unity/Hub/Editor/2021.3.2f1/Editor/Data/PlaybackEngines/WindowsStandaloneSupport/UnityEditor.WindowsStandalone.Extensions.dll
Registered in 0.012801 seconds.
Native extension for WindowsStandalone target not found
Native extension for Android target not found
Native extension for WebGL target not found
Refreshing native plugins compatible for Editor in 329.03 ms, found 4 plugins.
Preloading 0 native plugins for Editor in 0.00 ms.
Mono: successfully reloaded assembly
- Completed reload, in  2.090 seconds
Domain Reload Profiling:
	ReloadAssembly (2091ms)
		BeginReloadAssembly (251ms)
			ExecutionOrderSort (0ms)
			DisableScriptedObjects (0ms)
			BackupInstance (0ms)
			ReleaseScriptingObjects (0ms)
			CreateAndSetChildDomain (3ms)
		EndReloadAssembly (1480ms)
			LoadAssemblies (247ms)
			RebuildTransferFunctionScriptingTraits (0ms)
			SetupTypeCache (336ms)
			ReleaseScriptCaches (0ms)
			RebuildScriptCaches (86ms)
			SetupLoadedEditorAssemblies (913ms)
				LogAssemblyErrors (0ms)
				InitializePlatformSupportModulesInManaged (179ms)
				SetLoadedEditorAssemblies (1ms)
				RefreshPlugins (329ms)
				BeforeProcessingInitializeOnLoad (5ms)
				ProcessInitializeOnLoadAttributes (275ms)
				ProcessInitializeOnLoadMethodAttributes (123ms)
				AfterProcessingInitializeOnLoad (0ms)
				EditorAssembliesLoaded (0ms)
			ExecutionOrderSort2 (0ms)
			AwakeInstancesAfterBackupRestoration (0ms)
Platform modules already initialized, skipping
Registering precompiled user dll's ...
Registered in 0.014223 seconds.
Begin MonoManager ReloadAssembly
Symbol file LoadedFromMemory doesn't match image C:\Users\Darkian\My\Library\PackageCache\com.unity.visualscripting@1.7.6\Editor\VisualScripting.Core\Dependencies\YamlDotNet\Unity.VisualScripting.YamlDotNet.dll
Symbol file LoadedFromMemory doesn't match image C:\Users\Darkian\My\Library\PackageCache\com.unity.visualscripting@1.7.6\Editor\VisualScripting.Core\Dependencies\DotNetZip\Unity.VisualScripting.IonicZip.dll
Native extension for WindowsStandalone target not found
Native extension for Android target not found
Native extension for WebGL target not found
Refreshing native plugins compatible for Editor in 283.50 ms, found 4 plugins.
Preloading 0 native plugins for Editor in 0.00 ms.
Mono: successfully reloaded assembly
- Completed reload, in  3.382 seconds
Domain Reload Profiling:
	ReloadAssembly (3384ms)
		BeginReloadAssembly (401ms)
			ExecutionOrderSort (0ms)
			DisableScriptedObjects (20ms)
			BackupInstance (0ms)
			ReleaseScriptingObjects (0ms)
			CreateAndSetChildDomain (136ms)
		EndReloadAssembly (2655ms)
			LoadAssemblies (196ms)
			RebuildTransferFunctionScriptingTraits (0ms)
			SetupTypeCache (683ms)
			ReleaseScriptCaches (1ms)
			RebuildScriptCaches (184ms)
			SetupLoadedEditorAssemblies (1456ms)
				LogAssemblyErrors (0ms)
				InitializePlatformSupportModulesInManaged (36ms)
				SetLoadedEditorAssemblies (0ms)
				RefreshPlugins (284ms)
				BeforeProcessingInitializeOnLoad (265ms)
				ProcessInitializeOnLoadAttributes (752ms)
				ProcessInitializeOnLoadMethodAttributes (109ms)
				AfterProcessingInitializeOnLoad (10ms)
				EditorAssembliesLoaded (0ms)
			ExecutionOrderSort2 (0ms)
			AwakeInstancesAfterBackupRestoration (12ms)
Platform modules already initialized, skipping
========================================================================
Worker process is ready to serve import requests
Launched and connected shader compiler UnityShaderCompiler.exe after 0.16 seconds
Refreshing native plugins compatible for Editor in 2.01 ms, found 4 plugins.
Preloading 0 native plugins for Editor in 0.00 ms.
Unloading 4063 Unused Serialized files (Serialized files now loaded: 0)
Unloading 43 unused Assets / (225.6 KB). Loaded Objects now: 4516.
Memory consumption went from 153.1 MB to 152.9 MB.
Total: 12.666098 ms (FindLiveObjects: 0.833031 ms CreateObjectMapping: 0.519576 ms MarkObjects: 10.880726 ms  DeleteObjects: 0.428917 ms)

AssetImportParameters requested are different than current active one (requested -> active):
  custom:video-decoder-ogg-theora: a1e56fd34408186e4bbccfd4996cb3dc -> 
  custom:container-muxer-webm: aa71ff27fc2769a1b78a27578f13a17b -> 
  custom:container-demuxer-webm: 4f35f7cbe854078d1ac9338744f61a02 -> 
  custom:video-encoder-webm-vp8: eb34c28f22e8b96e1ab97ce403110664 -> 
  custom:audio-encoder-webm-vorbis: bf7c407c2cedff20999df2af8eb42d56 -> 
  custom:framework-win-MediaFoundation: 216162199b28c13a410421893ffa2e32 -> 
  custom:container-demuxer-ogg: 62fdf1f143b41e24485cea50d1cbac27 -> 
  custom:video-decoder-webm-vp8: 9c59270c3fd7afecdb556c50c9e8de78 -> 
  custom:audio-decoder-ogg-vorbis: bf7c407c2cedff20999df2af8eb42d56 -> 
========================================================================
Received Import Request.
  Time since last request: 4774.989259 seconds.
  path: Assets/Scenes/DvePar.unity
  artifactKey: Guid(a9cc8fa7cba1a0c478791bac565d6e30) Importer(815301076,1909f56bfc062723c751e8b465ee728b)
Start importing Assets/Scenes/DvePar.unity using Guid(a9cc8fa7cba1a0c478791bac565d6e30) Importer(815301076,1909f56bfc062723c751e8b465ee728b)  -> (artifact id: '5f2f6c61d7fcf70204a339fbcc413ec8') in 0.017898 seconds 
========================================================================
Received Import Request.
  Time since last request: 80.447947 seconds.
  path: Assets/Scenes/Flash.unity
  artifactKey: Guid(4ed89f5aa1791e14eaa810b1ce5cb146) Importer(815301076,1909f56bfc062723c751e8b465ee728b)
Start importing Assets/Scenes/Flash.unity using Guid(4ed89f5aa1791e14eaa810b1ce5cb146) Importer(815301076,1909f56bfc062723c751e8b465ee728b)  -> (artifact id: 'ece48039837ad5d1f9d23561d3c77c0f') in 0.003779 seconds 
========================================================================
Received Import Request.
  Time since last request: 66.780674 seconds.
  path: Assets/Scenes/FulHouse.unity
  artifactKey: Guid(a9d80c1e4ba65b64fb422b456645c6ab) Importer(815301076,1909f56bfc062723c751e8b465ee728b)
Start importing Assets/Scenes/FulHouse.unity using Guid(a9d80c1e4ba65b64fb422b456645c6ab) Importer(815301076,1909f56bfc062723c751e8b465ee728b)  -> (artifact id: 'fa117c83143f155f7ad30e16a89f84d1') in 0.006409 seconds 
========================================================================
Received Import Request.
  Time since last request: 44.397965 seconds.
  path: Assets/Scenes/kare.unity
  artifactKey: Guid(3c2ac7cb4ae1938479794697b2406049) Importer(815301076,1909f56bfc062723c751e8b465ee728b)
Start importing Assets/Scenes/kare.unity using Guid(3c2ac7cb4ae1938479794697b2406049) Importer(815301076,1909f56bfc062723c751e8b465ee728b)  -> (artifact id: '1a5663f3de3e6937d1a058c5282d5c5f') in 0.003748 seconds 
========================================================================
Received Import Request.
  Time since last request: 78.755469 seconds.
  path: Assets/Scenes/Kombin.unity
  artifactKey: Guid(5a0f80c32741ea54bb90c9d19e2a2dda) Importer(815301076,1909f56bfc062723c751e8b465ee728b)
Start importing Assets/Scenes/Kombin.unity using Guid(5a0f80c32741ea54bb90c9d19e2a2dda) Importer(815301076,1909f56bfc062723c751e8b465ee728b)  -> (artifact id: 'fc7065d05f14f78a466de21f3da5586c') in 0.004318 seconds 
========================================================================
Received Import Request.
  Time since last request: 25.075529 seconds.
  path: Assets/Scenes/Para.unity
  artifactKey: Guid(2763dd46a932e964cbb783186553f7b2) Importer(815301076,1909f56bfc062723c751e8b465ee728b)
Start importing Assets/Scenes/Para.unity using Guid(2763dd46a932e964cbb783186553f7b2) Importer(815301076,1909f56bfc062723c751e8b465ee728b)  -> (artifact id: '3029ca3239eadb1adb7ebb6f6eda496d') in 0.010798 seconds 
========================================================================
Received Import Request.
  Time since last request: 104.793486 seconds.
  path: Assets/Scenes/Raschet.unity
  artifactKey: Guid(c1295628648f1254887370ffce6857c8) Importer(815301076,1909f56bfc062723c751e8b465ee728b)
Start importing Assets/Scenes/Raschet.unity using Guid(c1295628648f1254887370ffce6857c8) Importer(815301076,1909f56bfc062723c751e8b465ee728b)  -> (artifact id: '2e0da397555418f4d469cb4223e60398') in 0.004642 seconds 
========================================================================
Received Import Request.
  Time since last request: 6.122049 seconds.
  path: Assets/Scenes/RoyalStritFlash.unity
  artifactKey: Guid(d4cffdc1f7f20014ca7e97c31a48dab5) Importer(815301076,1909f56bfc062723c751e8b465ee728b)
Start importing Assets/Scenes/RoyalStritFlash.unity using Guid(d4cffdc1f7f20014ca7e97c31a48dab5) Importer(815301076,1909f56bfc062723c751e8b465ee728b)  -> (artifact id: '47eec96ede4b53cd8964fe76e2736d38') in 0.006364 seconds 
========================================================================
Received Import Request.
  Time since last request: 95.366090 seconds.
  path: Assets/Scenes/Set.unity
  artifactKey: Guid(68691f2d07742e740bb99fc2f03981e2) Importer(815301076,1909f56bfc062723c751e8b465ee728b)
Start importing Assets/Scenes/Set.unity using Guid(68691f2d07742e740bb99fc2f03981e2) Importer(815301076,1909f56bfc062723c751e8b465ee728b)  -> (artifact id: '629b2bbc039a62f0911c0b8ff733ecb4') in 0.008008 seconds 
========================================================================
Received Import Request.
  Time since last request: 78.220394 seconds.
  path: Assets/Scenes/Strit.unity
  artifactKey: Guid(1f3a123a6f055b44bacde311ccb7b0fa) Importer(815301076,1909f56bfc062723c751e8b465ee728b)
Start importing Assets/Scenes/Strit.unity using Guid(1f3a123a6f055b44bacde311ccb7b0fa) Importer(815301076,1909f56bfc062723c751e8b465ee728b)  -> (artifact id: 'fba4848832c66d81d03b135e98b62ec0') in 0.011773 seconds 
========================================================================
Received Import Request.
  Time since last request: 114.566762 seconds.
  path: Assets/Scenes/StritFlash.unity
  artifactKey: Guid(a2e900fa6442d794c97ffc77941c90cb) Importer(815301076,1909f56bfc062723c751e8b465ee728b)
Start importing Assets/Scenes/StritFlash.unity using Guid(a2e900fa6442d794c97ffc77941c90cb) Importer(815301076,1909f56bfc062723c751e8b465ee728b)  -> (artifact id: 'e76132b506dff1f9dd27045f2618ad3c') in 0.009024 seconds 
========================================================================
Received Prepare
Registering precompiled user dll's ...
Registered in 0.014655 seconds.
Begin MonoManager ReloadAssembly
Symbol file LoadedFromMemory doesn't match image C:\Users\Darkian\My\Library\PackageCache\com.unity.visualscripting@1.7.6\Editor\VisualScripting.Core\Dependencies\YamlDotNet\Unity.VisualScripting.YamlDotNet.dll
Symbol file LoadedFromMemory doesn't match image C:\Users\Darkian\My\Library\PackageCache\com.unity.visualscripting@1.7.6\Editor\VisualScripting.Core\Dependencies\DotNetZip\Unity.VisualScripting.IonicZip.dll
Native extension for WindowsStandalone target not found
Native extension for Android target not found
Native extension for WebGL target not found
Refreshing native plugins compatible for Editor in 1.44 ms, found 4 plugins.
Preloading 0 native plugins for Editor in 0.00 ms.
Mono: successfully reloaded assembly
- Completed reload, in  3.001 seconds
Domain Reload Profiling:
	ReloadAssembly (3003ms)
		BeginReloadAssembly (342ms)
			ExecutionOrderSort (0ms)
			DisableScriptedObjects (26ms)
			BackupInstance (0ms)
			ReleaseScriptingObjects (0ms)
			CreateAndSetChildDomain (83ms)
		EndReloadAssembly (2356ms)
			LoadAssemblies (235ms)
			RebuildTransferFunctionScriptingTraits (0ms)
			SetupTypeCache (754ms)
			ReleaseScriptCaches (4ms)
			RebuildScriptCaches (141ms)
			SetupLoadedEditorAssemblies (1073ms)
				LogAssemblyErrors (0ms)
				InitializePlatformSupportModulesInManaged (68ms)
				SetLoadedEditorAssemblies (1ms)
				RefreshPlugins (2ms)
				BeforeProcessingInitializeOnLoad (215ms)
				ProcessInitializeOnLoadAttributes (656ms)
				ProcessInitializeOnLoadMethodAttributes (119ms)
				AfterProcessingInitializeOnLoad (11ms)
				EditorAssembliesLoaded (0ms)
			ExecutionOrderSort2 (0ms)
			AwakeInstancesAfterBackupRestoration (22ms)
Platform modules already initialized, skipping
Refreshing native plugins compatible for Editor in 4.86 ms, found 4 plugins.
Preloading 0 native plugins for Editor in 0.00 ms.
Unloading 4045 Unused Serialized files (Serialized files now loaded: 0)
Unloading 30 unused Assets / (192.4 KB). Loaded Objects now: 4519.
Memory consumption went from 151.8 MB to 151.6 MB.
Total: 9.955325 ms (FindLiveObjects: 0.510595 ms CreateObjectMapping: 0.372897 ms MarkObjects: 8.686534 ms  DeleteObjects: 0.382305 ms)

AssetImportParameters requested are different than current active one (requested -> active):
  custom:video-decoder-ogg-theora: a1e56fd34408186e4bbccfd4996cb3dc -> 
  custom:container-muxer-webm: aa71ff27fc2769a1b78a27578f13a17b -> 
  custom:container-demuxer-webm: 4f35f7cbe854078d1ac9338744f61a02 -> 
  custom:video-encoder-webm-vp8: eb34c28f22e8b96e1ab97ce403110664 -> 
  custom:audio-encoder-webm-vorbis: bf7c407c2cedff20999df2af8eb42d56 -> 
  custom:framework-win-MediaFoundation: 216162199b28c13a410421893ffa2e32 -> 
  custom:container-demuxer-ogg: 62fdf1f143b41e24485cea50d1cbac27 -> 
  custom:video-decoder-webm-vp8: 9c59270c3fd7afecdb556c50c9e8de78 -> 
  custom:audio-decoder-ogg-vorbis: bf7c407c2cedff20999df2af8eb42d56 -> 
========================================================================
Received Import Request.
  Time since last request: 293.881295 seconds.
  path: Assets/scripts/Res.cs
  artifactKey: Guid(b079edf9ffe7d0f4b8396b802710db4d) Importer(815301076,1909f56bfc062723c751e8b465ee728b)
Start importing Assets/scripts/Res.cs using Guid(b079edf9ffe7d0f4b8396b802710db4d) Importer(815301076,1909f56bfc062723c751e8b465ee728b)  -> (artifact id: 'aded2bebe8e25f4b92a2fba508a2443a') in 0.115843 seconds 
